<?xml version="1.0" encoding="UTF-8"?>
<testng-results ignored="0" total="1" passed="1" failed="0" skipped="0">
  <reporter-output>
  </reporter-output>
  <suite started-at="2024-07-29T09:55:21 IST" name="Suite" finished-at="2024-07-29T09:55:46 IST" duration-ms="24150">
    <groups>
    </groups>
    <test started-at="2024-07-29T09:55:21 IST" name="Test" finished-at="2024-07-29T09:55:46 IST" duration-ms="24150">
      <class name="com.ShoppersStack_Ganesh.Verify_User_is_able_to_Add_Address_Test">
        <test-method is-config="true" signature="beforeSuite()[pri:0, instance:com.ShoppersStack_Ganesh.Verify_User_is_able_to_Add_Address_Test@73eb439a]" started-at="2024-07-29T09:55:21 IST" name="beforeSuite" finished-at="2024-07-29T09:55:21 IST" duration-ms="10" status="PASS">
          <reporter-output>
          </reporter-output>
        </test-method> <!-- beforeSuite -->
        <test-method is-config="true" signature="beforeTest()[pri:0, instance:com.ShoppersStack_Ganesh.Verify_User_is_able_to_Add_Address_Test@73eb439a]" started-at="2024-07-29T09:55:21 IST" name="beforeTest" finished-at="2024-07-29T09:55:22 IST" duration-ms="243" status="PASS">
          <reporter-output>
          </reporter-output>
        </test-method> <!-- beforeTest -->
        <test-method is-config="true" signature="beforeClass()[pri:0, instance:com.ShoppersStack_Ganesh.Verify_User_is_able_to_Add_Address_Test@73eb439a]" started-at="2024-07-29T09:55:22 IST" name="beforeClass" finished-at="2024-07-29T09:55:27 IST" duration-ms="5001" status="PASS">
          <reporter-output>
          </reporter-output>
        </test-method> <!-- beforeClass -->
        <test-method is-config="true" signature="beforeMethod()[pri:0, instance:com.ShoppersStack_Ganesh.Verify_User_is_able_to_Add_Address_Test@73eb439a]" started-at="2024-07-29T09:55:27 IST" name="beforeMethod" finished-at="2024-07-29T09:55:37 IST" duration-ms="10045" status="PASS">
          <reporter-output>
          </reporter-output>
        </test-method> <!-- beforeMethod -->
        <test-method signature="addAddress()[pri:0, instance:com.ShoppersStack_Ganesh.Verify_User_is_able_to_Add_Address_Test@73eb439a]" started-at="2024-07-29T09:55:37 IST" name="addAddress" finished-at="2024-07-29T09:55:42 IST" duration-ms="4748" status="PASS">
          <reporter-output>
          </reporter-output>
        </test-method> <!-- addAddress -->
        <test-method is-config="true" signature="afterMethod()[pri:0, instance:com.ShoppersStack_Ganesh.Verify_User_is_able_to_Add_Address_Test@73eb439a]" started-at="2024-07-29T09:55:42 IST" name="afterMethod" finished-at="2024-07-29T09:55:42 IST" duration-ms="269" status="PASS">
          <reporter-output>
          </reporter-output>
        </test-method> <!-- afterMethod -->
        <test-method is-config="true" signature="afterClass()[pri:0, instance:com.ShoppersStack_Ganesh.Verify_User_is_able_to_Add_Address_Test@73eb439a]" started-at="2024-07-29T09:55:42 IST" name="afterClass" finished-at="2024-07-29T09:55:45 IST" duration-ms="3418" status="PASS">
          <reporter-output>
          </reporter-output>
        </test-method> <!-- afterClass -->
        <test-method is-config="true" signature="afterTest()[pri:0, instance:com.ShoppersStack_Ganesh.Verify_User_is_able_to_Add_Address_Test@73eb439a]" started-at="2024-07-29T09:55:45 IST" name="afterTest" finished-at="2024-07-29T09:55:46 IST" duration-ms="390" status="PASS">
          <reporter-output>
          </reporter-output>
        </test-method> <!-- afterTest -->
        <test-method is-config="true" signature="afterSuite()[pri:0, instance:com.ShoppersStack_Ganesh.Verify_User_is_able_to_Add_Address_Test@73eb439a]" started-at="2024-07-29T09:55:46 IST" name="afterSuite" finished-at="2024-07-29T09:55:46 IST" duration-ms="0" status="PASS">
          <reporter-output>
          </reporter-output>
        </test-method> <!-- afterSuite -->
      </class> <!-- com.ShoppersStack_Ganesh.Verify_User_is_able_to_Add_Address_Test -->
    </test> <!-- Test -->
  </suite> <!-- Suite -->
</testng-results>
